2023-06-23 00:38:35,745 INFO o.a.j.u.JMeterUtils: Setting Locale to en_EN
2023-06-23 00:38:35,745 INFO o.a.j.JMeter: Loading user properties from: C:\Users\Holacons\.bzt\jmeter-taurus\5.4.3\bin\user.properties
2023-06-23 00:38:35,745 INFO o.a.j.JMeter: Loading system properties from: C:\Users\Holacons\.bzt\jmeter-taurus\5.4.3\bin\system.properties
2023-06-23 00:38:35,745 INFO o.a.j.JMeter: Loading additional properties from: C:\Users\Holacons\Desktop\JMeter\API_POKEMONS\load\artifacts_tmp\jmeter-bzt.properties
2023-06-23 00:38:35,761 INFO o.a.j.JMeter: Copyright (c) 1998-2021 The Apache Software Foundation
2023-06-23 00:38:35,761 INFO o.a.j.JMeter: Version 5.4.3
2023-06-23 00:38:35,761 INFO o.a.j.JMeter: java.version=1.8.0_202
2023-06-23 00:38:35,761 INFO o.a.j.JMeter: java.vm.name=Java HotSpot(TM) 64-Bit Server VM
2023-06-23 00:38:35,761 INFO o.a.j.JMeter: os.name=Windows 10
2023-06-23 00:38:35,761 INFO o.a.j.JMeter: os.arch=amd64
2023-06-23 00:38:35,761 INFO o.a.j.JMeter: os.version=10.0
2023-06-23 00:38:35,761 INFO o.a.j.JMeter: file.encoding=Cp1252
2023-06-23 00:38:35,761 INFO o.a.j.JMeter: java.awt.headless=true
2023-06-23 00:38:35,761 INFO o.a.j.JMeter: Max memory     =1073741824
2023-06-23 00:38:35,761 INFO o.a.j.JMeter: Available Processors =12
2023-06-23 00:38:35,761 INFO o.a.j.JMeter: Default Locale=English (EN)
2023-06-23 00:38:35,761 INFO o.a.j.JMeter: JMeter  Locale=English (EN)
2023-06-23 00:38:35,761 INFO o.a.j.JMeter: JMeterHome=C:\Users\Holacons\.bzt\jmeter-taurus\5.4.3
2023-06-23 00:38:35,761 INFO o.a.j.JMeter: user.dir  =C:\Users\Holacons\Desktop\JMeter\API_POKEMONS\load
2023-06-23 00:38:35,761 INFO o.a.j.JMeter: PWD       =C:\Users\Holacons\Desktop\JMeter\API_POKEMONS\load
2023-06-23 00:38:35,777 INFO o.a.j.JMeter: IP: 192.168.0.21 Name: raulF-GKTJS90 FullName: raulF-GKTJS90
2023-06-23 00:38:35,777 INFO o.a.j.JMeter: user.classpath=C:/Users/Holacons/Desktop/JMeter/API_POKEMONS/load/artifacts_tmp;C:/Users/Holacons/Desktop/JMeter/API_POKEMONS/load/default
2023-06-23 00:38:35,777 INFO o.a.j.JMeter: Adding to classpath and loader: C:/Users/Holacons/Desktop/JMeter/API_POKEMONS/load/artifacts_tmp
2023-06-23 00:38:35,777 INFO o.a.j.JMeter: Adding to classpath and loader: C:/Users/Holacons/Desktop/JMeter/API_POKEMONS/load/default
2023-06-23 00:38:35,777 INFO o.a.j.s.FileServer: Default base='C:\Users\Holacons\Desktop\JMeter\API_POKEMONS\load'
2023-06-23 00:38:35,777 INFO o.a.j.s.FileServer: Set new base='C:\Users\Holacons\Desktop\JMeter\API_POKEMONS\load\default'
2023-06-23 00:38:35,874 INFO o.a.j.s.SaveService: Testplan (JMX) version: 2.2. Testlog (JTL) version: 2.2
2023-06-23 00:38:35,886 INFO o.a.j.s.SaveService: Using SaveService properties file encoding UTF-8
2023-06-23 00:38:35,886 INFO o.a.j.s.SaveService: Using SaveService properties version 5.0
2023-06-23 00:38:35,886 INFO o.a.j.s.SaveService: Loading file: C:\Users\Holacons\Desktop\JMeter\API_POKEMONS\load\default\modified_testScripts.jmx
2023-06-23 00:38:35,949 INFO o.a.j.p.h.s.HTTPSamplerBase: Parser for text/html is org.apache.jmeter.protocol.http.parser.LagartoBasedHtmlParser
2023-06-23 00:38:35,949 INFO o.a.j.p.h.s.HTTPSamplerBase: Parser for application/xhtml+xml is org.apache.jmeter.protocol.http.parser.LagartoBasedHtmlParser
2023-06-23 00:38:35,949 INFO o.a.j.p.h.s.HTTPSamplerBase: Parser for application/xml is org.apache.jmeter.protocol.http.parser.LagartoBasedHtmlParser
2023-06-23 00:38:35,949 INFO o.a.j.p.h.s.HTTPSamplerBase: Parser for text/xml is org.apache.jmeter.protocol.http.parser.LagartoBasedHtmlParser
2023-06-23 00:38:35,949 INFO o.a.j.p.h.s.HTTPSamplerBase: Parser for text/vnd.wap.wml is org.apache.jmeter.protocol.http.parser.RegexpHTMLParser
2023-06-23 00:38:35,949 INFO o.a.j.p.h.s.HTTPSamplerBase: Parser for text/css is org.apache.jmeter.protocol.http.parser.CssParser
2023-06-23 00:38:35,981 INFO o.a.j.e.StandardJMeterEngine: Running the test!
2023-06-23 00:38:35,981 INFO o.a.j.s.SampleEvent: List of sample_variables: []
2023-06-23 00:38:35,981 INFO o.a.j.s.SampleEvent: List of sample_variables: []
2023-06-23 00:38:35,981 INFO o.a.j.e.u.CompoundVariable: Note: Function class names must contain the string: '.functions.'
2023-06-23 00:38:35,981 INFO o.a.j.e.u.CompoundVariable: Note: Function class names must not contain the string: '.gui.'
2023-06-23 00:38:36,247 INFO o.a.j.JMeter: Running test (1687473516247)
2023-06-23 00:38:36,263 INFO o.a.j.e.StandardJMeterEngine: Starting ThreadGroup: 1 : Poke.Pokemon
2023-06-23 00:38:36,263 INFO o.a.j.e.StandardJMeterEngine: Starting 5 threads for group Poke.Pokemon.
2023-06-23 00:38:36,263 INFO o.a.j.e.StandardJMeterEngine: Thread will start next loop on error
2023-06-23 00:38:36,263 INFO o.a.j.t.ThreadGroup: Starting thread group... number=1 threads=5 ramp-up=0 delayedStart=false
2023-06-23 00:38:36,279 INFO o.a.j.t.ThreadGroup: Started thread group number 1
2023-06-23 00:38:36,279 INFO o.a.j.e.StandardJMeterEngine: All thread groups have been started
2023-06-23 00:38:36,310 INFO o.a.j.t.JMeterThread: Thread started: Poke.Pokemon 1-5
2023-06-23 00:38:36,310 INFO o.a.j.t.JMeterThread: Thread started: Poke.Pokemon 1-1
2023-06-23 00:38:36,310 INFO o.a.j.t.JMeterThread: Thread started: Poke.Pokemon 1-2
2023-06-23 00:38:36,310 INFO o.a.j.t.JMeterThread: Thread started: Poke.Pokemon 1-4
2023-06-23 00:38:36,310 INFO o.a.j.t.JMeterThread: Thread started: Poke.Pokemon 1-3
2023-06-23 00:38:36,310 INFO o.a.j.s.FileServer: Stored: C:/Users/Holacons/Desktop/JMeter/API_POKEMONS/load/default/data/Pokemons.csv
2023-06-23 00:38:36,341 INFO o.a.j.p.h.s.HTTPHCAbstractImpl: Local host = raulF-GKTJS90
2023-06-23 00:38:36,341 INFO o.a.j.p.h.s.HTTPHC4Impl: HTTP request retry count = 0
2023-06-23 00:38:36,341 INFO o.a.j.s.SampleResult: Note: Sample TimeStamps are START times
2023-06-23 00:38:36,341 INFO o.a.j.s.SampleResult: sampleresult.default.encoding is set to UTF-8
2023-06-23 00:38:36,341 INFO o.a.j.s.SampleResult: sampleresult.useNanoTime=true
2023-06-23 00:38:36,341 INFO o.a.j.s.SampleResult: sampleresult.nanoThreadSleep=5000
2023-06-23 00:38:36,483 INFO o.a.j.p.h.s.h.LazyLayeredConnectionSocketFactory: Setting up HTTPS TrustAll Socket Factory
2023-06-23 00:38:36,483 INFO o.a.j.u.JsseSSLManager: Using default SSL protocol: TLS
2023-06-23 00:38:36,483 INFO o.a.j.u.JsseSSLManager: SSL session context: per-thread
2023-06-23 00:38:36,938 INFO o.a.j.u.SSLManager: JmeterKeyStore Location:  type JKS
2023-06-23 00:38:36,938 INFO o.a.j.u.SSLManager: KeyStore created OK
2023-06-23 00:38:36,938 WARN o.a.j.u.SSLManager: Keystore file not found, loading empty keystore
2023-06-23 00:39:36,268 INFO o.a.j.t.JMeterThread: Stopping because end time detected by thread: Poke.Pokemon 1-1
2023-06-23 00:39:36,268 INFO o.a.j.t.JMeterThread: Thread finished: Poke.Pokemon 1-1
2023-06-23 00:39:36,284 INFO o.a.j.t.JMeterThread: Stopping because end time detected by thread: Poke.Pokemon 1-2
2023-06-23 00:39:36,284 INFO o.a.j.t.JMeterThread: Stopping because end time detected by thread: Poke.Pokemon 1-3
2023-06-23 00:39:36,284 INFO o.a.j.t.JMeterThread: Thread finished: Poke.Pokemon 1-2
2023-06-23 00:39:36,284 INFO o.a.j.t.JMeterThread: Thread finished: Poke.Pokemon 1-3
2023-06-23 00:39:36,295 INFO o.a.j.t.JMeterThread: Stopping because end time detected by thread: Poke.Pokemon 1-4
2023-06-23 00:39:36,295 INFO o.a.j.t.JMeterThread: Thread finished: Poke.Pokemon 1-4
2023-06-23 00:39:36,315 INFO o.a.j.t.JMeterThread: Stopping because end time detected by thread: Poke.Pokemon 1-5
2023-06-23 00:39:36,315 INFO o.a.j.t.JMeterThread: Thread finished: Poke.Pokemon 1-5
2023-06-23 00:39:36,315 INFO o.a.j.e.StandardJMeterEngine: Notifying test listeners of end of test
2023-06-23 00:39:36,315 INFO o.a.j.s.FileServer: Close: C:/Users/Holacons/Desktop/JMeter/API_POKEMONS/load/default/data/Pokemons.csv
2023-06-23 00:39:36,315 INFO o.a.j.e.StandardJMeterEngine: Forced JVM shutdown requested at end of test
